app/build/outputs/logs/manifest-merger-debug-report.txt
-- Merging decision tree log ---
manifest
ADDED from src\main\AndroidManifest.xml:2:1-103:12
	package
		ADDED from src\main\AndroidManifest.xml:3:5-32
		INJECTED from src\main\AndroidManifest.xml
		INJECTED from src\main\AndroidManifest.xml
	android:versionName
		ADDED from src\main\AndroidManifest.xml:5:5-30
		INJECTED from src\main\AndroidManifest.xml
		INJECTED from src\main\AndroidManifest.xml
	android:versionCode
		ADDED from src\main\AndroidManifest.xml:4:5-28
		INJECTED from src\main\AndroidManifest.xml
		INJECTED from src\main\AndroidManifest.xml
	xmlns:android
		ADDED from src\main\AndroidManifest.xml:2:11-69
	android:installLocation
		ADDED from src\main\AndroidManifest.xml:6:5-45
uses-sdk
ADDED from src\main\AndroidManifest.xml:8:5-10:41
	android:targetSdkVersion
		ADDED from src\main\AndroidManifest.xml:10:9-38
		INJECTED from src\main\AndroidManifest.xml
		INJECTED from src\main\AndroidManifest.xml
	android:minSdkVersion
		ADDED from src\main\AndroidManifest.xml:9:9-35
		INJECTED from src\main\AndroidManifest.xml
		INJECTED from src\main\AndroidManifest.xml
supports-screens
ADDED from src\main\AndroidManifest.xml:12:5-18:40
	android:largeScreens
		ADDED from src\main\AndroidManifest.xml:14:9-36
	android:smallScreens
		ADDED from src\main\AndroidManifest.xml:17:9-36
	android:normalScreens
		ADDED from src\main\AndroidManifest.xml:15:9-37
	android:xlargeScreens
		ADDED from src\main\AndroidManifest.xml:18:9-37
	android:resizeable
		ADDED from src\main\AndroidManifest.xml:16:9-34
	android:anyDensity
		ADDED from src\main\AndroidManifest.xml:13:9-34
permission#org.join.ws.permission.WS_RECEIVER
ADDED from src\main\AndroidManifest.xml:20:5-23:18
	android:protectionLevel
		ADDED from src\main\AndroidManifest.xml:22:9-41
	android:name
		ADDED from src\main\AndroidManifest.xml:21:9-58
uses-permission#org.join.ws.permission.WS_RECEIVER
ADDED from src\main\AndroidManifest.xml:25:5-74
	android:name
		ADDED from src\main\AndroidManifest.xml:25:22-71
uses-permission#android.permission.INTERNET
ADDED from src\main\AndroidManifest.xml:26:5-67
	android:name
		ADDED from src\main\AndroidManifest.xml:26:22-64
uses-permission#android.permission.ACCESS_NETWORK_STATE
ADDED from src\main\AndroidManifest.xml:27:5-79
	android:name
		ADDED from src\main\AndroidManifest.xml:27:22-76
uses-permission#android.permission.WRITE_EXTERNAL_STORAGE
ADDED from src\main\AndroidManifest.xml:28:5-81
	android:name
		ADDED from src\main\AndroidManifest.xml:28:22-78
uses-permission#android.permission.ACCESS_WIFI_STATE
ADDED from src\main\AndroidManifest.xml:29:5-76
	android:name
		ADDED from src\main\AndroidManifest.xml:29:22-73
uses-permission#android.permission.READ_EXTERNAL_STORAGE
ADDED from src\main\AndroidManifest.xml:30:5-79
	android:name
		ADDED from src\main\AndroidManifest.xml:30:22-77
uses-permission#android.permission.CAMERA
ADDED from src\main\AndroidManifest.xml:31:5-65
	android:name
		ADDED from src\main\AndroidManifest.xml:31:22-62
uses-permission#android.permission.FLASHLIGHT
ADDED from src\main\AndroidManifest.xml:32:5-68
	android:name
		ADDED from src\main\AndroidManifest.xml:32:22-66
uses-feature#android.hardware.camera
ADDED from src\main\AndroidManifest.xml:35:5-84
	android:required
		ADDED from src\main\AndroidManifest.xml:35:58-82
	android:name
		ADDED from src\main\AndroidManifest.xml:35:19-57
uses-feature#android.hardware.camera.front
ADDED from src\main\AndroidManifest.xml:36:5-90
	android:required
		ADDED from src\main\AndroidManifest.xml:36:64-88
	android:name
		ADDED from src\main\AndroidManifest.xml:36:19-63
uses-feature#android.hardware.camera.autofocus
ADDED from src\main\AndroidManifest.xml:39:5-94
	android:required
		ADDED from src\main\AndroidManifest.xml:39:68-92
	android:name
		ADDED from src\main\AndroidManifest.xml:39:19-67
uses-feature#android.hardware.camera.flash
ADDED from src\main\AndroidManifest.xml:40:5-90
	android:required
		ADDED from src\main\AndroidManifest.xml:40:64-88
	android:name
		ADDED from src\main\AndroidManifest.xml:40:19-63
application
ADDED from src\main\AndroidManifest.xml:43:5-94:19
	android:label
		ADDED from src\main\AndroidManifest.xml:48:9-41
	android:allowBackup
		ADDED from src\main\AndroidManifest.xml:46:9-35
	android:icon
		ADDED from src\main\AndroidManifest.xml:47:9-45
	android:theme
		ADDED from src\main\AndroidManifest.xml:44:9-40
	android:name
		ADDED from src\main\AndroidManifest.xml:45:9-49
activity#org.join.ws.ui.WSActivity
ADDED from src\main\AndroidManifest.xml:49:9-58:20
	android:label
		ADDED from src\main\AndroidManifest.xml:52:13-45
	android:launchMode
		ADDED from src\main\AndroidManifest.xml:53:13-43
	android:configChanges
		ADDED from src\main\AndroidManifest.xml:51:13-63
	android:name
		ADDED from src\main\AndroidManifest.xml:50:13-53
intent-filter#android.intent.action.MAIN+android.intent.category.LAUNCHER
ADDED from src\main\AndroidManifest.xml:54:13-57:29
action#android.intent.action.MAIN
ADDED from src\main\AndroidManifest.xml:55:17-69
	android:name
		ADDED from src\main\AndroidManifest.xml:55:25-66
category#android.intent.category.LAUNCHER
ADDED from src\main\AndroidManifest.xml:56:17-77
	android:name
		ADDED from src\main\AndroidManifest.xml:56:27-74
activity#org.join.ws.ui.PreferActivity
ADDED from src\main\AndroidManifest.xml:59:9-68:20
	android:label
		ADDED from src\main\AndroidManifest.xml:62:13-45
	android:launchMode
		ADDED from src\main\AndroidManifest.xml:63:13-43
	android:configChanges
		ADDED from src\main\AndroidManifest.xml:61:13-63
	android:name
		ADDED from src\main\AndroidManifest.xml:60:13-57
intent-filter#android.intent.action.VIEW+android.intent.category.PREFERENCE
ADDED from src\main\AndroidManifest.xml:64:13-67:29
action#android.intent.action.VIEW
ADDED from src\main\AndroidManifest.xml:65:17-69
	android:name
		ADDED from src\main\AndroidManifest.xml:65:25-66
category#android.intent.category.PREFERENCE
ADDED from src\main\AndroidManifest.xml:66:17-79
	android:name
		ADDED from src\main\AndroidManifest.xml:66:27-76
activity#org.join.zxing.CaptureActivity
ADDED from src\main\AndroidManifest.xml:69:9-81:20
	android:clearTaskOnLaunch
		ADDED from src\main\AndroidManifest.xml:71:13-45
	android:screenOrientation
		ADDED from src\main\AndroidManifest.xml:73:13-49
	android:stateNotNeeded
		ADDED from src\main\AndroidManifest.xml:74:13-42
	android:windowSoftInputMode
		ADDED from src\main\AndroidManifest.xml:76:13-60
	android:configChanges
		ADDED from src\main\AndroidManifest.xml:72:13-63
	android:theme
		ADDED from src\main\AndroidManifest.xml:75:13-71
	android:name
		ADDED from src\main\AndroidManifest.xml:70:13-58
intent-filter#android.intent.category.DEFAULT+com.google.zxing.client.android.SCAN
ADDED from src\main\AndroidManifest.xml:77:13-80:29
action#com.google.zxing.client.android.SCAN
ADDED from src\main\AndroidManifest.xml:78:17-79
	android:name
		ADDED from src\main\AndroidManifest.xml:78:25-76
category#android.intent.category.DEFAULT
ADDED from src\main\AndroidManifest.xml:79:17-76
	android:name
		ADDED from src\main\AndroidManifest.xml:79:27-73
service#org.join.ws.service.WebService
ADDED from src\main\AndroidManifest.xml:83:9-66
	android:name
		ADDED from src\main\AndroidManifest.xml:83:18-63
service#org.join.ws.service.WSService
ADDED from src\main\AndroidManifest.xml:84:9-91:19
	android:exported
		ADDED from src\main\AndroidManifest.xml:86:13-37
	android:name
		ADDED from src\main\AndroidManifest.xml:85:13-57
intent-filter#android.intent.category.DEFAULT+org.join.service.WS
ADDED from src\main\AndroidManifest.xml:87:13-90:29
action#org.join.service.WS
ADDED from src\main\AndroidManifest.xml:88:17-62
	android:name
		ADDED from src\main\AndroidManifest.xml:88:25-59
uses-library#android.test.runner
ADDED from src\main\AndroidManifest.xml:93:9-60
	android:name
		ADDED from src\main\AndroidManifest.xml:93:23-57
instrumentation
ADDED from src\main\AndroidManifest.xml:96:5-101:23
	android:label
		ADDED from src\main\AndroidManifest.xml:99:9-38
	android:functionalTest
		ADDED from src\main\AndroidManifest.xml:98:9-38
	android:targetPackage
		ADDED from src\main\AndroidManifest.xml:100:9-50
	android:name
		ADDED from src\main\AndroidManifest.xml:97:9-62